This is pdfTeX, Version 3.141592653-2.6-1.40.25 (TeX Live 2023) (preloaded format=pdflatex 2023.6.4)  26 AUG 2023 02:34
entering extended mode
 restricted \write18 enabled.
 file:line:error style messages enabled.
 %&-line parsing enabled.
**/Users/xusenqin/Desktop/Advanced-Finite-Element-Methods/FEM_2D/images/Last_First_46050
(/Users/xusenqin/Desktop/Advanced-Finite-Element-Methods/FEM_2D/images/Last_First_46050.tex
LaTeX2e <2022-11-01> patch level 1
L3 programming layer <2023-02-22> (/usr/local/texlive/2023/texmf-dist/tex/latex/base/article.cls
Document Class: article 2022/07/02 v1.4n Standard LaTeX document class
(/usr/local/texlive/2023/texmf-dist/tex/latex/base/size10.clo
File: size10.clo 2022/07/02 v1.4n Standard LaTeX file (size option)
)
\c@part=\count185
\c@section=\count186
\c@subsection=\count187
\c@subsubsection=\count188
\c@paragraph=\count189
\c@subparagraph=\count190
\c@figure=\count191
\c@table=\count192
\abovecaptionskip=\skip48
\belowcaptionskip=\skip49
\bibindent=\dimen140
) (/usr/local/texlive/2023/texmf-dist/tex/latex/blindtext/blindtext.sty
Package: blindtext 2012/01/06 V2.0 blindtext-Package
 (/usr/local/texlive/2023/texmf-dist/tex/latex/tools/xspace.sty
Package: xspace 2014/10/28 v1.13 Space after command names (DPC,MH)
)
\c@blindtext=\count193
\c@Blindtext=\count194
\c@blind@countparstart=\count195
\blind@countxx=\count196
\blindtext@numBlindtext=\count197
\blind@countyy=\count198
\c@blindlist=\count199
\c@blindlistlevel=\count266
\c@blindlist@level=\count267
\blind@listitem=\count268
\c@blind@listcount=\count269
\c@blind@levelcount=\count270
\blind@mathformula=\count271
\blind@Mathformula=\count272
\c@blind@randomcount=\count273
\c@blind@randommax=\count274
\c@blind@pangramcount=\count275
\c@blind@pangrammax=\count276
) (/usr/local/texlive/2023/texmf-dist/tex/latex/psnfss/mathpazo.sty
Package: mathpazo 2020/03/25 PSNFSS-v9.3 Palatino w/ Pazo Math (D.Puga, WaS) 
\symupright=\mathgroup4
) (/usr/local/texlive/2023/texmf-dist/tex/latex/base/fontenc.sty
Package: fontenc 2021/04/29 v2.0v Standard LaTeX package
LaTeX Font Info:    Trying to load font information for T1+pplx on input line 112.
 (/usr/local/texlive/2023/texmf-dist/tex/latex/psnfss/t1pplx.fd
File: t1pplx.fd 2004/09/06 font definitions for T1/pplx.
)) (/usr/local/texlive/2023/texmf-dist/tex/latex/microtype/microtype.sty
Package: microtype 2023/03/13 v3.1a Micro-typographical refinements (RS)
 (/usr/local/texlive/2023/texmf-dist/tex/latex/graphics/keyval.sty
Package: keyval 2022/05/29 v1.15 key=value parser (DPC)
\KV@toks@=\toks16
) (/usr/local/texlive/2023/texmf-dist/tex/latex/etoolbox/etoolbox.sty
Package: etoolbox 2020/10/05 v2.5k e-TeX tools for LaTeX (JAW)
\etb@tempcnta=\count277
)
\MT@toks=\toks17
\MT@tempbox=\box51
\MT@count=\count278
LaTeX Info: Redefining \noprotrusionifhmode on input line 1059.
LaTeX Info: Redefining \leftprotrusion on input line 1060.
\MT@prot@toks=\toks18
LaTeX Info: Redefining \rightprotrusion on input line 1078.
LaTeX Info: Redefining \textls on input line 1368.
\MT@outer@kern=\dimen141
LaTeX Info: Redefining \textmicrotypecontext on input line 1988.
\MT@listname@count=\count279
 (/usr/local/texlive/2023/texmf-dist/tex/latex/microtype/microtype-pdftex.def
File: microtype-pdftex.def 2023/03/13 v3.1a Definitions specific to pdftex (RS)
LaTeX Info: Redefining \lsstyle on input line 902.
LaTeX Info: Redefining \lslig on input line 902.
\MT@outer@space=\skip50
)
Package microtype Info: Loading configuration file microtype.cfg.
 (/usr/local/texlive/2023/texmf-dist/tex/latex/microtype/microtype.cfg
File: microtype.cfg 2023/03/13 v3.1a microtype main configuration file (RS)
)) (/usr/local/texlive/2023/texmf-dist/tex/generic/babel/babel.sty
Package: babel 2023/02/13 3.86 The Babel package
\babel@savecnt=\count280
\U@D=\dimen142
\l@unhyphenated=\language87
 (/usr/local/texlive/2023/texmf-dist/tex/generic/babel/txtbabel.def)
\bbl@readstream=\read2
\bbl@dirlevel=\count281
 (/usr/local/texlive/2023/texmf-dist/tex/generic/babel-english/english.ldf
Language: english 2017/06/06 v3.3r English support from the babel system
Package babel Info: Hyphen rules for 'canadian' set to \l@english
(babel)             (\language0). Reported on input line 102.
Package babel Info: Hyphen rules for 'australian' set to \l@ukenglish
(babel)             (\language21). Reported on input line 105.
Package babel Info: Hyphen rules for 'newzealand' set to \l@ukenglish
(babel)             (\language21). Reported on input line 108.
)) (/usr/local/texlive/2023/texmf-dist/tex/generic/babel/locale/en/babel-english.tex
Package babel Info: Importing font and identification data for english
(babel)             from babel-en.ini. Reported on input line 11.
) (/usr/local/texlive/2023/texmf-dist/tex/latex/graphics/graphicx.sty
Package: graphicx 2021/09/16 v1.2d Enhanced LaTeX Graphics (DPC,SPQR)
 (/usr/local/texlive/2023/texmf-dist/tex/latex/graphics/graphics.sty
Package: graphics 2022/03/10 v1.4e Standard LaTeX Graphics (DPC,SPQR)
 (/usr/local/texlive/2023/texmf-dist/tex/latex/graphics/trig.sty
Package: trig 2021/08/11 v1.11 sin cos tan (DPC)
) (/usr/local/texlive/2023/texmf-dist/tex/latex/graphics-cfg/graphics.cfg
File: graphics.cfg 2016/06/04 v1.11 sample graphics configuration
)
Package graphics Info: Driver file: pdftex.def on input line 107.
 (/usr/local/texlive/2023/texmf-dist/tex/latex/graphics-def/pdftex.def
File: pdftex.def 2022/09/22 v1.2b Graphics/color driver for pdftex
))
\Gin@req@height=\dimen143
\Gin@req@width=\dimen144
) (/usr/local/texlive/2023/texmf-dist/tex/latex/physics/physics.sty
Package: physics 
 (/usr/local/texlive/2023/texmf-dist/tex/latex/l3packages/xparse/xparse.sty (/usr/local/texlive/2023/texmf-dist/tex/latex/l3kernel/expl3.sty
Package: expl3 2023-02-22 L3 programming layer (loader) 
 (/usr/local/texlive/2023/texmf-dist/tex/latex/l3backend/l3backend-pdftex.def
File: l3backend-pdftex.def 2023-01-16 L3 backend support: PDF output (pdfTeX)
\l__color_backend_stack_int=\count282
\l__pdf_internal_box=\box52
))
Package: xparse 2023-02-02 L3 Experimental document command parser
) (/usr/local/texlive/2023/texmf-dist/tex/latex/amsmath/amsmath.sty
Package: amsmath 2022/04/08 v2.17n AMS math features
\@mathmargin=\skip51

For additional information on amsmath, use the `?' option.
(/usr/local/texlive/2023/texmf-dist/tex/latex/amsmath/amstext.sty
Package: amstext 2021/08/26 v2.01 AMS text
 (/usr/local/texlive/2023/texmf-dist/tex/latex/amsmath/amsgen.sty
File: amsgen.sty 1999/11/30 v2.0 generic functions
\@emptytoks=\toks19
\ex@=\dimen145
)) (/usr/local/texlive/2023/texmf-dist/tex/latex/amsmath/amsbsy.sty
Package: amsbsy 1999/11/29 v1.2d Bold Symbols
\pmbraise@=\dimen146
) (/usr/local/texlive/2023/texmf-dist/tex/latex/amsmath/amsopn.sty
Package: amsopn 2022/04/08 v2.04 operator names
)
\inf@bad=\count283
LaTeX Info: Redefining \frac on input line 234.
\uproot@=\count284
\leftroot@=\count285
LaTeX Info: Redefining \overline on input line 399.
LaTeX Info: Redefining \colon on input line 410.
\classnum@=\count286
\DOTSCASE@=\count287
LaTeX Info: Redefining \ldots on input line 496.
LaTeX Info: Redefining \dots on input line 499.
LaTeX Info: Redefining \cdots on input line 620.
\Mathstrutbox@=\box53
\strutbox@=\box54
LaTeX Info: Redefining \big on input line 722.
LaTeX Info: Redefining \Big on input line 723.
LaTeX Info: Redefining \bigg on input line 724.
LaTeX Info: Redefining \Bigg on input line 725.
\big@size=\dimen147
LaTeX Font Info:    Redeclaring font encoding OML on input line 743.
LaTeX Font Info:    Redeclaring font encoding OMS on input line 744.
\macc@depth=\count288
LaTeX Info: Redefining \bmod on input line 905.
LaTeX Info: Redefining \pmod on input line 910.
LaTeX Info: Redefining \smash on input line 940.
LaTeX Info: Redefining \relbar on input line 970.
LaTeX Info: Redefining \Relbar on input line 971.
\c@MaxMatrixCols=\count289
\dotsspace@=\muskip16
\c@parentequation=\count290
\dspbrk@lvl=\count291
\tag@help=\toks20
\row@=\count292
\column@=\count293
\maxfields@=\count294
\andhelp@=\toks21
\eqnshift@=\dimen148
\alignsep@=\dimen149
\tagshift@=\dimen150
\tagwidth@=\dimen151
\totwidth@=\dimen152
\lineht@=\dimen153
\@envbody=\toks22
\multlinegap=\skip52
\multlinetaggap=\skip53
\mathdisplay@stack=\toks23
LaTeX Info: Redefining \[ on input line 2953.
LaTeX Info: Redefining \] on input line 2954.
)) (/usr/local/texlive/2023/texmf-dist/tex/latex/amsfonts/amssymb.sty
Package: amssymb 2013/01/14 v3.01 AMS font symbols
 (/usr/local/texlive/2023/texmf-dist/tex/latex/amsfonts/amsfonts.sty
Package: amsfonts 2013/01/14 v3.01 Basic AMSFonts support
\symAMSa=\mathgroup5
\symAMSb=\mathgroup6
LaTeX Font Info:    Redeclaring math symbol \hbar on input line 98.
LaTeX Font Info:    Overwriting math alphabet `\mathfrak' in version `bold'
(Font)                  U/euf/m/n --> U/euf/b/n on input line 106.
)) (/usr/local/texlive/2023/texmf-dist/tex/latex/geometry/geometry.sty
Package: geometry 2020/01/02 v5.9 Page Geometry
 (/usr/local/texlive/2023/texmf-dist/tex/generic/iftex/ifvtex.sty
Package: ifvtex 2019/10/25 v1.7 ifvtex legacy package. Use iftex instead.
 (/usr/local/texlive/2023/texmf-dist/tex/generic/iftex/iftex.sty
Package: iftex 2022/02/03 v1.0f TeX engine tests
))
\Gm@cnth=\count295
\Gm@cntv=\count296
\c@Gm@tempcnt=\count297
\Gm@bindingoffset=\dimen154
\Gm@wd@mp=\dimen155
\Gm@odd@mp=\dimen156
\Gm@even@mp=\dimen157
\Gm@layoutwidth=\dimen158
\Gm@layoutheight=\dimen159
\Gm@layouthoffset=\dimen160
\Gm@layoutvoffset=\dimen161
\Gm@dimlist=\toks24
) (/usr/local/texlive/2023/texmf-dist/tex/latex/caption/caption.sty
Package: caption 2023/03/12 v3.6j Customizing captions (AR)
 (/usr/local/texlive/2023/texmf-dist/tex/latex/caption/caption3.sty
Package: caption3 2023/03/12 v2.4 caption3 kernel (AR)
\caption@tempdima=\dimen162
\captionmargin=\dimen163
\caption@leftmargin=\dimen164
\caption@rightmargin=\dimen165
\caption@width=\dimen166
\caption@indent=\dimen167
\caption@parindent=\dimen168
\caption@hangindent=\dimen169
Package caption Info: Standard document class detected.
)
\c@caption@flags=\count298
\c@continuedfloat=\count299
) (/usr/local/texlive/2023/texmf-dist/tex/latex/booktabs/booktabs.sty
Package: booktabs 2020/01/12 v1.61803398 Publication quality tables
\heavyrulewidth=\dimen170
\lightrulewidth=\dimen171
\cmidrulewidth=\dimen172
\belowrulesep=\dimen173
\belowbottomsep=\dimen174
\aboverulesep=\dimen175
\abovetopsep=\dimen176
\cmidrulesep=\dimen177
\cmidrulekern=\dimen178
\defaultaddspace=\dimen179
\@cmidla=\count300
\@cmidlb=\count301
\@aboverulesep=\dimen180
\@belowrulesep=\dimen181
\@thisruleclass=\count302
\@lastruleclass=\count303
\@thisrulewidth=\dimen182
) (/usr/local/texlive/2023/texmf-dist/tex/latex/lettrine/lettrine.sty
File: lettrine.sty 2022-09-25 v2.30 (Daniel Flipo)
 (/usr/local/texlive/2023/texmf-dist/tex/latex/xkeyval/xkeyval.sty
Package: xkeyval 2022/06/16 v2.9 package option processing (HA)
 (/usr/local/texlive/2023/texmf-dist/tex/generic/xkeyval/xkeyval.tex (/usr/local/texlive/2023/texmf-dist/tex/generic/xkeyval/xkvutils.tex
\XKV@toks=\toks25
\XKV@tempa@toks=\toks26
)
\XKV@depth=\count304
File: xkeyval.tex 2014/12/03 v2.7a key=value parser (HA)
)) (/usr/local/texlive/2023/texmf-dist/tex/generic/minifp/minifp.sty
Package: minifp 2013/12/30 v0.96. Macros for real number operations and a stack-based programing language.
\MFP@loopctr=\count305
)
\c@DefaultLines=\count306
\c@DefaultDepth=\count307
\DefaultFindent=\dimen183
\DefaultNindent=\dimen184
\DefaultSlope=\dimen185
\DiscardVskip=\dimen186

Loading lettrine.cfg
(/usr/local/texlive/2023/texmf-dist/tex/latex/lettrine/lettrine.cfg)
\L@lbox=\box55
\L@tbox=\box56
\c@L@lines=\count308
\c@L@depth=\count309
\L@Pindent=\dimen187
\L@Findent=\dimen188
\L@Nindent=\dimen189
\L@lraise=\dimen190
\L@first=\dimen191
\L@next=\dimen192
\L@slope=\dimen193
\L@height=\dimen194
\L@novskip=\dimen195
\L@target@ht=\dimen196
\L@target@dp=\dimen197
\L@target@tht=\dimen198
\LettrineWidth=\dimen199
\LettrineHeight=\dimen256
\LettrineDepth=\dimen257
\Llist@everypar=\toks27
) (/usr/local/texlive/2023/texmf-dist/tex/latex/enumitem/enumitem.sty
Package: enumitem 2019/06/20 v3.9 Customized lists
\labelindent=\skip54
\enit@outerparindent=\dimen258
\enit@toks=\toks28
\enit@inbox=\box57
\enit@count@id=\count310
\enitdp@description=\count311
) (/usr/local/texlive/2023/texmf-dist/tex/latex/abstract/abstract.sty
Package: abstract 2009/06/08 v1.2a configurable abstracts
\abstitleskip=\skip55
\absleftindent=\skip56
\absrightindent=\skip57
\absparindent=\skip58
\absparsep=\skip59
) (/usr/local/texlive/2023/texmf-dist/tex/latex/titlesec/titlesec.sty
Package: titlesec 2021/07/05 v2.14 Sectioning titles
\ttl@box=\box58
\beforetitleunit=\skip60
\aftertitleunit=\skip61
\ttl@plus=\dimen259
\ttl@minus=\dimen260
\ttl@toksa=\toks29
\titlewidth=\dimen261
\titlewidthlast=\dimen262
\titlewidthfirst=\dimen263
) (/usr/local/texlive/2023/texmf-dist/tex/latex/fancyhdr/fancyhdr.sty
Package: fancyhdr 2022/11/09 v4.1 Extensive control of page headers and footers
\f@nch@headwidth=\skip62
\f@nch@O@elh=\skip63
\f@nch@O@erh=\skip64
\f@nch@O@olh=\skip65
\f@nch@O@orh=\skip66
\f@nch@O@elf=\skip67
\f@nch@O@erf=\skip68
\f@nch@O@olf=\skip69
\f@nch@O@orf=\skip70
) (/usr/local/texlive/2023/texmf-dist/tex/latex/titling/titling.sty
Package: titling 2009/09/04 v2.1d maketitle typesetting
\thanksmarkwidth=\skip71
\thanksmargin=\skip72
\droptitle=\skip73
) (/usr/local/texlive/2023/texmf-dist/tex/latex/xcolor/xcolor.sty
Package: xcolor 2022/06/12 v2.14 LaTeX color extensions (UK)
 (/usr/local/texlive/2023/texmf-dist/tex/latex/graphics-cfg/color.cfg
File: color.cfg 2016/01/02 v1.6 sample color configuration
)
Package xcolor Info: Driver file: pdftex.def on input line 227.
 (/usr/local/texlive/2023/texmf-dist/tex/latex/colortbl/colortbl.sty
Package: colortbl 2022/06/20 v1.0f Color table columns (DPC)
 (/usr/local/texlive/2023/texmf-dist/tex/latex/tools/array.sty
Package: array 2022/09/04 v2.5g Tabular extension package (FMi)
\col@sep=\dimen264
\ar@mcellbox=\box59
\extrarowheight=\dimen265
\NC@list=\toks30
\extratabsurround=\skip74
\backup@length=\skip75
\ar@cellbox=\box60
)
\everycr=\toks31
\minrowclearance=\skip76
\rownum=\count312
) (/usr/local/texlive/2023/texmf-dist/tex/latex/graphics/mathcolor.ltx)
Package xcolor Info: Model `cmy' substituted by `cmy0' on input line 1353.
Package xcolor Info: Model `hsb' substituted by `rgb' on input line 1357.
Package xcolor Info: Model `RGB' extended on input line 1369.
Package xcolor Info: Model `HTML' substituted by `rgb' on input line 1371.
Package xcolor Info: Model `Hsb' substituted by `hsb' on input line 1372.
Package xcolor Info: Model `tHsb' substituted by `hsb' on input line 1373.
Package xcolor Info: Model `HSB' substituted by `hsb' on input line 1374.
Package xcolor Info: Model `Gray' substituted by `gray' on input line 1375.
Package xcolor Info: Model `wave' substituted by `hsb' on input line 1376.
 (/usr/local/texlive/2023/texmf-dist/tex/latex/graphics/dvipsnam.def
File: dvipsnam.def 2016/06/17 v3.0m Driver-dependent file (DPC,SPQR)
)) (/usr/local/texlive/2023/texmf-dist/tex/latex/tools/tabularx.sty
Package: tabularx 2020/01/15 v2.11c `tabularx' package (DPC)
\TX@col@width=\dimen266
\TX@old@table=\dimen267
\TX@old@col=\dimen268
\TX@target=\dimen269
\TX@delta=\dimen270
\TX@cols=\count313
\TX@ftn=\toks32
) (/usr/local/texlive/2023/texmf-dist/tex/latex/multirow/multirow.sty
Package: multirow 2021/03/15 v2.8 Span multiple rows of a table
\multirow@colwidth=\skip77
\multirow@cntb=\count314
\multirow@dima=\skip78
\bigstrutjot=\dimen271
) (/usr/local/texlive/2023/texmf-dist/tex/latex/threeparttable/threeparttable.sty
Package: threeparttable 2003/06/13  v 3.0
\@tempboxb=\box61
) (/usr/local/texlive/2023/texmf-dist/tex/latex/caption/subcaption.sty
Package: subcaption 2023/02/19 v1.6 Sub-captions (AR)
Package caption Info: New subtype `subfigure' on input line 239.
\c@subfigure=\count315
Package caption Info: New subtype `subtable' on input line 239.
\c@subtable=\count316
) (/usr/local/texlive/2023/texmf-dist/tex/latex/listings/listings.sty
\lst@mode=\count317
\lst@gtempboxa=\box62
\lst@token=\toks33
\lst@length=\count318
\lst@currlwidth=\dimen272
\lst@column=\count319
\lst@pos=\count320
\lst@lostspace=\dimen273
\lst@width=\dimen274
\lst@newlines=\count321
\lst@lineno=\count322
\lst@maxwidth=\dimen275
 (/usr/local/texlive/2023/texmf-dist/tex/latex/listings/lstmisc.sty
File: lstmisc.sty 2023/02/27 1.9 (Carsten Heinz)
\c@lstnumber=\count323
\lst@skipnumbers=\count324
\lst@framebox=\box63
) (/usr/local/texlive/2023/texmf-dist/tex/latex/listings/listings.cfg
File: listings.cfg 2023/02/27 1.9 listings configuration
))
Package: listings 2023/02/27 1.9 (Carsten Heinz)
 (/usr/local/texlive/2023/texmf-dist/tex/latex/hyperref/hyperref.sty
Package: hyperref 2023-02-07 v7.00v Hypertext links for LaTeX
 (/usr/local/texlive/2023/texmf-dist/tex/generic/ltxcmds/ltxcmds.sty
Package: ltxcmds 2020-05-10 v1.25 LaTeX kernel commands for general use (HO)
) (/usr/local/texlive/2023/texmf-dist/tex/generic/pdftexcmds/pdftexcmds.sty
Package: pdftexcmds 2020-06-27 v0.33 Utility functions of pdfTeX for LuaTeX (HO)
 (/usr/local/texlive/2023/texmf-dist/tex/generic/infwarerr/infwarerr.sty
Package: infwarerr 2019/12/03 v1.5 Providing info/warning/error messages (HO)
)
Package pdftexcmds Info: \pdf@primitive is available.
Package pdftexcmds Info: \pdf@ifprimitive is available.
Package pdftexcmds Info: \pdfdraftmode found.
) (/usr/local/texlive/2023/texmf-dist/tex/latex/kvsetkeys/kvsetkeys.sty
Package: kvsetkeys 2022-10-05 v1.19 Key value parser (HO)
) (/usr/local/texlive/2023/texmf-dist/tex/generic/kvdefinekeys/kvdefinekeys.sty
Package: kvdefinekeys 2019-12-19 v1.6 Define keys (HO)
) (/usr/local/texlive/2023/texmf-dist/tex/generic/pdfescape/pdfescape.sty
Package: pdfescape 2019/12/09 v1.15 Implements pdfTeX's escape features (HO)
) (/usr/local/texlive/2023/texmf-dist/tex/latex/hycolor/hycolor.sty
Package: hycolor 2020-01-27 v1.10 Color options for hyperref/bookmark (HO)
) (/usr/local/texlive/2023/texmf-dist/tex/latex/letltxmacro/letltxmacro.sty
Package: letltxmacro 2019/12/03 v1.6 Let assignment for LaTeX macros (HO)
) (/usr/local/texlive/2023/texmf-dist/tex/latex/auxhook/auxhook.sty
Package: auxhook 2019-12-17 v1.6 Hooks for auxiliary files (HO)
) (/usr/local/texlive/2023/texmf-dist/tex/latex/hyperref/nameref.sty
Package: nameref 2022-05-17 v2.50 Cross-referencing by name of section
 (/usr/local/texlive/2023/texmf-dist/tex/latex/refcount/refcount.sty
Package: refcount 2019/12/15 v3.6 Data extraction from label references (HO)
) (/usr/local/texlive/2023/texmf-dist/tex/generic/gettitlestring/gettitlestring.sty
Package: gettitlestring 2019/12/15 v1.6 Cleanup title references (HO)
 (/usr/local/texlive/2023/texmf-dist/tex/latex/kvoptions/kvoptions.sty
Package: kvoptions 2022-06-15 v3.15 Key value format for package options (HO)
))
\c@section@level=\count325
)
\@linkdim=\dimen276
\Hy@linkcounter=\count326
\Hy@pagecounter=\count327
 (/usr/local/texlive/2023/texmf-dist/tex/latex/hyperref/pd1enc.def
File: pd1enc.def 2023-02-07 v7.00v Hyperref: PDFDocEncoding definition (HO)
Now handling font encoding PD1 ...
... no UTF-8 mapping file for font encoding PD1
) (/usr/local/texlive/2023/texmf-dist/tex/generic/intcalc/intcalc.sty
Package: intcalc 2019/12/15 v1.3 Expandable calculations with integers (HO)
) (/usr/local/texlive/2023/texmf-dist/tex/generic/etexcmds/etexcmds.sty
Package: etexcmds 2019/12/15 v1.7 Avoid name clashes with e-TeX commands (HO)
)
\Hy@SavedSpaceFactor=\count328
 (/usr/local/texlive/2023/texmf-dist/tex/latex/hyperref/puenc.def
File: puenc.def 2023-02-07 v7.00v Hyperref: PDF Unicode definition (HO)
Now handling font encoding PU ...
... no UTF-8 mapping file for font encoding PU
)
Package hyperref Info: Hyper figures OFF on input line 4177.
Package hyperref Info: Link nesting OFF on input line 4182.
Package hyperref Info: Hyper index ON on input line 4185.
Package hyperref Info: Plain pages OFF on input line 4192.
Package hyperref Info: Backreferencing OFF on input line 4197.
Package hyperref Info: Implicit mode ON; LaTeX internals redefined.
Package hyperref Info: Bookmarks ON on input line 4425.
\c@Hy@tempcnt=\count329
 (/usr/local/texlive/2023/texmf-dist/tex/latex/url/url.sty
\Urlmuskip=\muskip17
Package: url 2013/09/16  ver 3.4  Verb mode for urls, etc.
)
LaTeX Info: Redefining \url on input line 4763.
\XeTeXLinkMargin=\dimen277
 (/usr/local/texlive/2023/texmf-dist/tex/generic/bitset/bitset.sty
Package: bitset 2019/12/09 v1.3 Handle bit-vector datatype (HO)
 (/usr/local/texlive/2023/texmf-dist/tex/generic/bigintcalc/bigintcalc.sty
Package: bigintcalc 2019/12/15 v1.5 Expandable calculations on big integers (HO)
))
\Fld@menulength=\count330
\Field@Width=\dimen278
\Fld@charsize=\dimen279
Package hyperref Info: Hyper figures OFF on input line 6042.
Package hyperref Info: Link nesting OFF on input line 6047.
Package hyperref Info: Hyper index ON on input line 6050.
Package hyperref Info: backreferencing OFF on input line 6057.
Package hyperref Info: Link coloring OFF on input line 6062.
Package hyperref Info: Link coloring with OCG OFF on input line 6067.
Package hyperref Info: PDF/A mode OFF on input line 6072.
 (/usr/local/texlive/2023/texmf-dist/tex/latex/base/atbegshi-ltx.sty
Package: atbegshi-ltx 2021/01/10 v1.0c Emulation of the original atbegshi
package with kernel methods
)
\Hy@abspage=\count331
\c@Item=\count332
\c@Hfootnote=\count333
)
Package hyperref Info: Driver (autodetected): hpdftex.
 (/usr/local/texlive/2023/texmf-dist/tex/latex/hyperref/hpdftex.def
File: hpdftex.def 2023-02-07 v7.00v Hyperref driver for pdfTeX
 (/usr/local/texlive/2023/texmf-dist/tex/latex/base/atveryend-ltx.sty
Package: atveryend-ltx 2020/08/19 v1.0a Emulation of the original atveryend package
with kernel methods
)
\Fld@listcount=\count334
\c@bookmark@seq@number=\count335
 (/usr/local/texlive/2023/texmf-dist/tex/latex/rerunfilecheck/rerunfilecheck.sty
Package: rerunfilecheck 2022-07-10 v1.10 Rerun checks for auxiliary files (HO)
 (/usr/local/texlive/2023/texmf-dist/tex/generic/uniquecounter/uniquecounter.sty
Package: uniquecounter 2019/12/15 v1.4 Provide unlimited unique counter (HO)
)
Package uniquecounter Info: New unique counter `rerunfilecheck' on input line 285.
)
\Hy@SectionHShift=\skip79
)
Package hyperref Info: Option `colorlinks' set `true' on input line 89.
 (/usr/local/texlive/2023/texmf-dist/tex/latex/pgfplots/pgfplots.sty (/usr/local/texlive/2023/texmf-dist/tex/generic/pgfplots/pgfplots.revision.tex)
Package: pgfplots 2021/05/15 v1.18.1 Data Visualization (1.18.1)
 (/usr/local/texlive/2023/texmf-dist/tex/latex/pgf/frontendlayer/tikz.sty (/usr/local/texlive/2023/texmf-dist/tex/latex/pgf/basiclayer/pgf.sty (/usr/local/texlive/2023/texmf-dist/tex/latex/pgf/utilities/pgfrcs.sty (/usr/local/texlive/2023/texmf-dist/tex/generic/pgf/utilities/pgfutil-common.tex
\pgfutil@everybye=\toks34
\pgfutil@tempdima=\dimen280
\pgfutil@tempdimb=\dimen281
) (/usr/local/texlive/2023/texmf-dist/tex/generic/pgf/utilities/pgfutil-latex.def
\pgfutil@abb=\box64
) (/usr/local/texlive/2023/texmf-dist/tex/generic/pgf/utilities/pgfrcs.code.tex (/usr/local/texlive/2023/texmf-dist/tex/generic/pgf/pgf.revision.tex)
Package: pgfrcs 2023-01-15 v3.1.10 (3.1.10)
))
Package: pgf 2023-01-15 v3.1.10 (3.1.10)
 (/usr/local/texlive/2023/texmf-dist/tex/latex/pgf/basiclayer/pgfcore.sty (/usr/local/texlive/2023/texmf-dist/tex/latex/pgf/systemlayer/pgfsys.sty (/usr/local/texlive/2023/texmf-dist/tex/generic/pgf/systemlayer/pgfsys.code.tex
Package: pgfsys 2023-01-15 v3.1.10 (3.1.10)
 (/usr/local/texlive/2023/texmf-dist/tex/generic/pgf/utilities/pgfkeys.code.tex
\pgfkeys@pathtoks=\toks35
\pgfkeys@temptoks=\toks36
 (/usr/local/texlive/2023/texmf-dist/tex/generic/pgf/utilities/pgfkeyslibraryfiltered.code.tex
\pgfkeys@tmptoks=\toks37
))
\pgf@x=\dimen282
\pgf@y=\dimen283
\pgf@xa=\dimen284
\pgf@ya=\dimen285
\pgf@xb=\dimen286
\pgf@yb=\dimen287
\pgf@xc=\dimen288
\pgf@yc=\dimen289
\pgf@xd=\dimen290
\pgf@yd=\dimen291
\w@pgf@writea=\write3
\r@pgf@reada=\read3
\c@pgf@counta=\count336
\c@pgf@countb=\count337
\c@pgf@countc=\count338
\c@pgf@countd=\count339
\t@pgf@toka=\toks38
\t@pgf@tokb=\toks39
\t@pgf@tokc=\toks40
\pgf@sys@id@count=\count340
 (/usr/local/texlive/2023/texmf-dist/tex/generic/pgf/systemlayer/pgf.cfg
File: pgf.cfg 2023-01-15 v3.1.10 (3.1.10)
)
Driver file for pgf: pgfsys-pdftex.def
 (/usr/local/texlive/2023/texmf-dist/tex/generic/pgf/systemlayer/pgfsys-pdftex.def
File: pgfsys-pdftex.def 2023-01-15 v3.1.10 (3.1.10)
 (/usr/local/texlive/2023/texmf-dist/tex/generic/pgf/systemlayer/pgfsys-common-pdf.def
File: pgfsys-common-pdf.def 2023-01-15 v3.1.10 (3.1.10)
))) (/usr/local/texlive/2023/texmf-dist/tex/generic/pgf/systemlayer/pgfsyssoftpath.code.tex
File: pgfsyssoftpath.code.tex 2023-01-15 v3.1.10 (3.1.10)
\pgfsyssoftpath@smallbuffer@items=\count341
\pgfsyssoftpath@bigbuffer@items=\count342
) (/usr/local/texlive/2023/texmf-dist/tex/generic/pgf/systemlayer/pgfsysprotocol.code.tex
File: pgfsysprotocol.code.tex 2023-01-15 v3.1.10 (3.1.10)
)) (/usr/local/texlive/2023/texmf-dist/tex/generic/pgf/basiclayer/pgfcore.code.tex
Package: pgfcore 2023-01-15 v3.1.10 (3.1.10)
 (/usr/local/texlive/2023/texmf-dist/tex/generic/pgf/math/pgfmath.code.tex (/usr/local/texlive/2023/texmf-dist/tex/generic/pgf/math/pgfmathutil.code.tex) (/usr/local/texlive/2023/texmf-dist/tex/generic/pgf/math/pgfmathparser.code.tex
\pgfmath@dimen=\dimen292
\pgfmath@count=\count343
\pgfmath@box=\box65
\pgfmath@toks=\toks41
\pgfmath@stack@operand=\toks42
\pgfmath@stack@operation=\toks43
) (/usr/local/texlive/2023/texmf-dist/tex/generic/pgf/math/pgfmathfunctions.code.tex) (/usr/local/texlive/2023/texmf-dist/tex/generic/pgf/math/pgfmathfunctions.basic.code.tex) (/usr/local/texlive/2023/texmf-dist/tex/generic/pgf/math/pgfmathfunctions.trigonometric.code.tex) (/usr/local/texlive/2023/texmf-dist/tex/generic/pgf/math/pgfmathfunctions.random.code.tex) (/usr/local/texlive/2023/texmf-dist/tex/generic/pgf/math/pgfmathfunctions.comparison.code.tex) (/usr/local/texlive/2023/texmf-dist/tex/generic/pgf/math/pgfmathfunctions.base.code.tex) (/usr/local/texlive/2023/texmf-dist/tex/generic/pgf/math/pgfmathfunctions.round.code.tex) (/usr/local/texlive/2023/texmf-dist/tex/generic/pgf/math/pgfmathfunctions.misc.code.tex) (/usr/local/texlive/2023/texmf-dist/tex/generic/pgf/math/pgfmathfunctions.integerarithmetics.code.tex) (/usr/local/texlive/2023/texmf-dist/tex/generic/pgf/math/pgfmathcalc.code.tex) (/usr/local/texlive/2023/texmf-dist/tex/generic/pgf/math/pgfmathfloat.code.tex
\c@pgfmathroundto@lastzeros=\count344
)) (/usr/local/texlive/2023/texmf-dist/tex/generic/pgf/math/pgfint.code.tex) (/usr/local/texlive/2023/texmf-dist/tex/generic/pgf/basiclayer/pgfcorepoints.code.tex
File: pgfcorepoints.code.tex 2023-01-15 v3.1.10 (3.1.10)
\pgf@picminx=\dimen293
\pgf@picmaxx=\dimen294
\pgf@picminy=\dimen295
\pgf@picmaxy=\dimen296
\pgf@pathminx=\dimen297
\pgf@pathmaxx=\dimen298
\pgf@pathminy=\dimen299
\pgf@pathmaxy=\dimen300
\pgf@xx=\dimen301
\pgf@xy=\dimen302
\pgf@yx=\dimen303
\pgf@yy=\dimen304
\pgf@zx=\dimen305
\pgf@zy=\dimen306
) (/usr/local/texlive/2023/texmf-dist/tex/generic/pgf/basiclayer/pgfcorepathconstruct.code.tex
File: pgfcorepathconstruct.code.tex 2023-01-15 v3.1.10 (3.1.10)
\pgf@path@lastx=\dimen307
\pgf@path@lasty=\dimen308
) (/usr/local/texlive/2023/texmf-dist/tex/generic/pgf/basiclayer/pgfcorepathusage.code.tex
File: pgfcorepathusage.code.tex 2023-01-15 v3.1.10 (3.1.10)
\pgf@shorten@end@additional=\dimen309
\pgf@shorten@start@additional=\dimen310
) (/usr/local/texlive/2023/texmf-dist/tex/generic/pgf/basiclayer/pgfcorescopes.code.tex
File: pgfcorescopes.code.tex 2023-01-15 v3.1.10 (3.1.10)
\pgfpic=\box66
\pgf@hbox=\box67
\pgf@layerbox@main=\box68
\pgf@picture@serial@count=\count345
) (/usr/local/texlive/2023/texmf-dist/tex/generic/pgf/basiclayer/pgfcoregraphicstate.code.tex
File: pgfcoregraphicstate.code.tex 2023-01-15 v3.1.10 (3.1.10)
\pgflinewidth=\dimen311
) (/usr/local/texlive/2023/texmf-dist/tex/generic/pgf/basiclayer/pgfcoretransformations.code.tex
File: pgfcoretransformations.code.tex 2023-01-15 v3.1.10 (3.1.10)
\pgf@pt@x=\dimen312
\pgf@pt@y=\dimen313
\pgf@pt@temp=\dimen314
) (/usr/local/texlive/2023/texmf-dist/tex/generic/pgf/basiclayer/pgfcorequick.code.tex
File: pgfcorequick.code.tex 2023-01-15 v3.1.10 (3.1.10)
) (/usr/local/texlive/2023/texmf-dist/tex/generic/pgf/basiclayer/pgfcoreobjects.code.tex
File: pgfcoreobjects.code.tex 2023-01-15 v3.1.10 (3.1.10)
) (/usr/local/texlive/2023/texmf-dist/tex/generic/pgf/basiclayer/pgfcorepathprocessing.code.tex
File: pgfcorepathprocessing.code.tex 2023-01-15 v3.1.10 (3.1.10)
) (/usr/local/texlive/2023/texmf-dist/tex/generic/pgf/basiclayer/pgfcorearrows.code.tex
File: pgfcorearrows.code.tex 2023-01-15 v3.1.10 (3.1.10)
\pgfarrowsep=\dimen315
) (/usr/local/texlive/2023/texmf-dist/tex/generic/pgf/basiclayer/pgfcoreshade.code.tex
File: pgfcoreshade.code.tex 2023-01-15 v3.1.10 (3.1.10)
\pgf@max=\dimen316
\pgf@sys@shading@range@num=\count346
\pgf@shadingcount=\count347
) (/usr/local/texlive/2023/texmf-dist/tex/generic/pgf/basiclayer/pgfcoreimage.code.tex
File: pgfcoreimage.code.tex 2023-01-15 v3.1.10 (3.1.10)
) (/usr/local/texlive/2023/texmf-dist/tex/generic/pgf/basiclayer/pgfcoreexternal.code.tex
File: pgfcoreexternal.code.tex 2023-01-15 v3.1.10 (3.1.10)
\pgfexternal@startupbox=\box69
) (/usr/local/texlive/2023/texmf-dist/tex/generic/pgf/basiclayer/pgfcorelayers.code.tex
File: pgfcorelayers.code.tex 2023-01-15 v3.1.10 (3.1.10)
) (/usr/local/texlive/2023/texmf-dist/tex/generic/pgf/basiclayer/pgfcoretransparency.code.tex
File: pgfcoretransparency.code.tex 2023-01-15 v3.1.10 (3.1.10)
) (/usr/local/texlive/2023/texmf-dist/tex/generic/pgf/basiclayer/pgfcorepatterns.code.tex
File: pgfcorepatterns.code.tex 2023-01-15 v3.1.10 (3.1.10)
) (/usr/local/texlive/2023/texmf-dist/tex/generic/pgf/basiclayer/pgfcorerdf.code.tex
File: pgfcorerdf.code.tex 2023-01-15 v3.1.10 (3.1.10)
))) (/usr/local/texlive/2023/texmf-dist/tex/generic/pgf/modules/pgfmoduleshapes.code.tex
File: pgfmoduleshapes.code.tex 2023-01-15 v3.1.10 (3.1.10)
\pgfnodeparttextbox=\box70
) (/usr/local/texlive/2023/texmf-dist/tex/generic/pgf/modules/pgfmoduleplot.code.tex
File: pgfmoduleplot.code.tex 2023-01-15 v3.1.10 (3.1.10)
) (/usr/local/texlive/2023/texmf-dist/tex/latex/pgf/compatibility/pgfcomp-version-0-65.sty
Package: pgfcomp-version-0-65 2023-01-15 v3.1.10 (3.1.10)
\pgf@nodesepstart=\dimen317
\pgf@nodesepend=\dimen318
) (/usr/local/texlive/2023/texmf-dist/tex/latex/pgf/compatibility/pgfcomp-version-1-18.sty
Package: pgfcomp-version-1-18 2023-01-15 v3.1.10 (3.1.10)
)) (/usr/local/texlive/2023/texmf-dist/tex/latex/pgf/utilities/pgffor.sty (/usr/local/texlive/2023/texmf-dist/tex/latex/pgf/utilities/pgfkeys.sty (/usr/local/texlive/2023/texmf-dist/tex/generic/pgf/utilities/pgfkeys.code.tex)) (/usr/local/texlive/2023/texmf-dist/tex/latex/pgf/math/pgfmath.sty (/usr/local/texlive/2023/texmf-dist/tex/generic/pgf/math/pgfmath.code.tex)) (/usr/local/texlive/2023/texmf-dist/tex/generic/pgf/utilities/pgffor.code.tex
Package: pgffor 2023-01-15 v3.1.10 (3.1.10)
\pgffor@iter=\dimen319
\pgffor@skip=\dimen320
\pgffor@stack=\toks44
\pgffor@toks=\toks45
)) (/usr/local/texlive/2023/texmf-dist/tex/generic/pgf/frontendlayer/tikz/tikz.code.tex
Package: tikz 2023-01-15 v3.1.10 (3.1.10)
 (/usr/local/texlive/2023/texmf-dist/tex/generic/pgf/libraries/pgflibraryplothandlers.code.tex
File: pgflibraryplothandlers.code.tex 2023-01-15 v3.1.10 (3.1.10)
\pgf@plot@mark@count=\count348
\pgfplotmarksize=\dimen321
)
\tikz@lastx=\dimen322
\tikz@lasty=\dimen323
\tikz@lastxsaved=\dimen324
\tikz@lastysaved=\dimen325
\tikz@lastmovetox=\dimen326
\tikz@lastmovetoy=\dimen327
\tikzleveldistance=\dimen328
\tikzsiblingdistance=\dimen329
\tikz@figbox=\box71
\tikz@figbox@bg=\box72
\tikz@tempbox=\box73
\tikz@tempbox@bg=\box74
\tikztreelevel=\count349
\tikznumberofchildren=\count350
\tikznumberofcurrentchild=\count351
\tikz@fig@count=\count352
 (/usr/local/texlive/2023/texmf-dist/tex/generic/pgf/modules/pgfmodulematrix.code.tex
File: pgfmodulematrix.code.tex 2023-01-15 v3.1.10 (3.1.10)
\pgfmatrixcurrentrow=\count353
\pgfmatrixcurrentcolumn=\count354
\pgf@matrix@numberofcolumns=\count355
)
\tikz@expandcount=\count356
 (/usr/local/texlive/2023/texmf-dist/tex/generic/pgf/frontendlayer/tikz/libraries/tikzlibrarytopaths.code.tex
File: tikzlibrarytopaths.code.tex 2023-01-15 v3.1.10 (3.1.10)
))) (/usr/local/texlive/2023/texmf-dist/tex/generic/pgfplots/pgfplots.code.tex (/usr/local/texlive/2023/texmf-dist/tex/generic/pgfplots/pgfplotscore.code.tex
\t@pgfplots@toka=\toks46
\t@pgfplots@tokb=\toks47
\t@pgfplots@tokc=\toks48
\pgfplots@tmpa=\dimen330
\c@pgfplots@coordindex=\count357
\c@pgfplots@scanlineindex=\count358
 (/usr/local/texlive/2023/texmf-dist/tex/generic/pgfplots/sys/pgfplotssysgeneric.code.tex)) (/usr/local/texlive/2023/texmf-dist/tex/generic/pgfplots/libs/pgfplotslibrary.code.tex) (/usr/local/texlive/2023/texmf-dist/tex/generic/pgfplots/oldpgfcompatib/pgfplotsoldpgfsupp_loader.code.tex (/usr/local/texlive/2023/texmf-dist/tex/generic/pgf/libraries/pgflibraryfpu.code.tex)
Package pgfplots: loading complementary utilities for your pgf version...
\t@pgf@toka=\toks49
\t@pgf@tokb=\toks50
\t@pgf@tokc=\toks51
(/usr/local/texlive/2023/texmf-dist/tex/generic/pgfplots/oldpgfcompatib/pgfplotsoldpgfsupp_pgfutil-common-lists.tex)) (/usr/local/texlive/2023/texmf-dist/tex/generic/pgfplots/util/pgfplotsutil.code.tex (/usr/local/texlive/2023/texmf-dist/tex/generic/pgfplots/liststructure/pgfplotsliststructure.code.tex) (/usr/local/texlive/2023/texmf-dist/tex/generic/pgfplots/liststructure/pgfplotsliststructureext.code.tex) (/usr/local/texlive/2023/texmf-dist/tex/generic/pgfplots/liststructure/pgfplotsarray.code.tex
\c@pgfplotsarray@tmp=\count359
) (/usr/local/texlive/2023/texmf-dist/tex/generic/pgfplots/liststructure/pgfplotsmatrix.code.tex) (/usr/local/texlive/2023/texmf-dist/tex/generic/pgfplots/numtable/pgfplotstableshared.code.tex
\c@pgfplotstable@counta=\count360
\t@pgfplotstable@a=\toks52
) (/usr/local/texlive/2023/texmf-dist/tex/generic/pgfplots/liststructure/pgfplotsdeque.code.tex) (/usr/local/texlive/2023/texmf-dist/tex/generic/pgfplots/util/pgfplotsbinary.code.tex (/usr/local/texlive/2023/texmf-dist/tex/generic/pgfplots/util/pgfplotsbinary.data.code.tex)) (/usr/local/texlive/2023/texmf-dist/tex/generic/pgfplots/util/pgfplotsutil.verb.code.tex) (/usr/local/texlive/2023/texmf-dist/tex/generic/pgfplots/libs/pgflibrarypgfplots.surfshading.code.tex
\c@pgfplotslibrarysurf@no=\count361
 (/usr/local/texlive/2023/texmf-dist/tex/generic/pgfplots/sys/pgflibrarypgfplots.surfshading.pgfsys-pdftex.def))) (/usr/local/texlive/2023/texmf-dist/tex/generic/pgfplots/util/pgfplotscolormap.code.tex (/usr/local/texlive/2023/texmf-dist/tex/generic/pgfplots/util/pgfplotscolor.code.tex)) (/usr/local/texlive/2023/texmf-dist/tex/generic/pgfplots/pgfplotsstackedplots.code.tex) (/usr/local/texlive/2023/texmf-dist/tex/generic/pgfplots/pgfplotsplothandlers.code.tex (/usr/local/texlive/2023/texmf-dist/tex/generic/pgfplots/pgfplotsmeshplothandler.code.tex (/usr/local/texlive/2023/texmf-dist/tex/generic/pgfplots/pgfplotsmeshplotimage.code.tex))) (/usr/local/texlive/2023/texmf-dist/tex/generic/pgfplots/pgfplots.scaling.code.tex) (/usr/local/texlive/2023/texmf-dist/tex/generic/pgfplots/pgfplotscoordprocessing.code.tex) (/usr/local/texlive/2023/texmf-dist/tex/generic/pgfplots/pgfplots.errorbars.code.tex) (/usr/local/texlive/2023/texmf-dist/tex/generic/pgfplots/pgfplots.markers.code.tex) (/usr/local/texlive/2023/texmf-dist/tex/generic/pgfplots/pgfplotsticks.code.tex) (/usr/local/texlive/2023/texmf-dist/tex/generic/pgfplots/pgfplots.paths.code.tex) (/usr/local/texlive/2023/texmf-dist/tex/generic/pgf/frontendlayer/tikz/libraries/tikzlibrarydecorations.code.tex (/usr/local/texlive/2023/texmf-dist/tex/generic/pgf/modules/pgfmoduledecorations.code.tex
\pgfdecoratedcompleteddistance=\dimen331
\pgfdecoratedremainingdistance=\dimen332
\pgfdecoratedinputsegmentcompleteddistance=\dimen333
\pgfdecoratedinputsegmentremainingdistance=\dimen334
\pgf@decorate@distancetomove=\dimen335
\pgf@decorate@repeatstate=\count362
\pgfdecorationsegmentamplitude=\dimen336
\pgfdecorationsegmentlength=\dimen337
)
\tikz@lib@dec@box=\box75
) (/usr/local/texlive/2023/texmf-dist/tex/generic/pgf/frontendlayer/tikz/libraries/tikzlibrarydecorations.pathmorphing.code.tex (/usr/local/texlive/2023/texmf-dist/tex/generic/pgf/libraries/decorations/pgflibrarydecorations.pathmorphing.code.tex)) (/usr/local/texlive/2023/texmf-dist/tex/generic/pgf/frontendlayer/tikz/libraries/tikzlibrarydecorations.pathreplacing.code.tex (/usr/local/texlive/2023/texmf-dist/tex/generic/pgf/libraries/decorations/pgflibrarydecorations.pathreplacing.code.tex)) (/usr/local/texlive/2023/texmf-dist/tex/generic/pgfplots/libs/tikzlibrarypgfplots.contourlua.code.tex)
\pgfplots@numplots=\count363
\pgfplots@xmin@reg=\dimen338
\pgfplots@xmax@reg=\dimen339
\pgfplots@ymin@reg=\dimen340
\pgfplots@ymax@reg=\dimen341
\pgfplots@zmin@reg=\dimen342
\pgfplots@zmax@reg=\dimen343
) (/usr/local/texlive/2023/texmf-dist/tex/generic/pgf/frontendlayer/tikz/libraries/tikzlibraryplotmarks.code.tex
File: tikzlibraryplotmarks.code.tex 2023-01-15 v3.1.10 (3.1.10)
 (/usr/local/texlive/2023/texmf-dist/tex/generic/pgf/libraries/pgflibraryplotmarks.code.tex
File: pgflibraryplotmarks.code.tex 2023-01-15 v3.1.10 (3.1.10)
))) (/usr/local/texlive/2023/texmf-dist/tex/generic/pgf/frontendlayer/tikz/libraries/tikzlibrarycalc.code.tex
File: tikzlibrarycalc.code.tex 2023-01-15 v3.1.10 (3.1.10)
) (/usr/local/texlive/2023/texmf-dist/tex/generic/pgfplots/libs/pgflibrarypgfplots.colorbrewer.code.tex (/usr/local/texlive/2023/texmf-dist/tex/generic/pgfplots/libs/tikzlibrarycolorbrewer.code.tex))
No file Last_First_46050.aux.
\openout1 = `Last_First_46050.aux'.

LaTeX Font Info:    Checking defaults for OML/cmm/m/it on input line 131.
LaTeX Font Info:    ... okay on input line 131.
LaTeX Font Info:    Checking defaults for OMS/cmsy/m/n on input line 131.
LaTeX Font Info:    ... okay on input line 131.
LaTeX Font Info:    Checking defaults for OT1/cmr/m/n on input line 131.
LaTeX Font Info:    ... okay on input line 131.
LaTeX Font Info:    Checking defaults for T1/cmr/m/n on input line 131.
LaTeX Font Info:    ... okay on input line 131.
LaTeX Font Info:    Checking defaults for TS1/cmr/m/n on input line 131.
LaTeX Font Info:    ... okay on input line 131.
LaTeX Font Info:    Checking defaults for OMX/cmex/m/n on input line 131.
LaTeX Font Info:    ... okay on input line 131.
LaTeX Font Info:    Checking defaults for U/cmr/m/n on input line 131.
LaTeX Font Info:    ... okay on input line 131.
LaTeX Font Info:    Checking defaults for PD1/pdf/m/n on input line 131.
LaTeX Font Info:    ... okay on input line 131.
LaTeX Font Info:    Checking defaults for PU/pdf/m/n on input line 131.
LaTeX Font Info:    ... okay on input line 131.
LaTeX Info: Redefining \microtypecontext on input line 131.
Package microtype Info: Applying patch `item' on input line 131.
Package microtype Info: Applying patch `toc' on input line 131.
Package microtype Info: Applying patch `eqnum' on input line 131.
Package microtype Info: Applying patch `footnote' on input line 131.
Package microtype Info: Applying patch `verbatim' on input line 131.
Package microtype Info: Generating PDF output.
Package microtype Info: Character protrusion enabled (level 2).
Package microtype Info: Using default protrusion set `alltext'.
Package microtype Info: Automatic font expansion enabled (level 2),
(microtype)             stretch: 20, shrink: 20, step: 1, non-selected.
Package microtype Info: Using default expansion set `alltext-nott'.
LaTeX Info: Redefining \showhyphens on input line 131.
Package microtype Info: No adjustment of tracking.
Package microtype Info: No adjustment of interword spacing.
Package microtype Info: No adjustment of character kerning.
(/usr/local/texlive/2023/texmf-dist/tex/latex/microtype/mt-ppl.cfg
File: mt-ppl.cfg 2005/11/16 v1.6 microtype config. file: Palatino (RS)
) (/usr/local/texlive/2023/texmf-dist/tex/context/base/mkii/supp-pdf.mkii
[Loading MPS to PDF converter (version 2006.09.02).]
\scratchcounter=\count364
\scratchdimen=\dimen344
\scratchbox=\box76
\nofMPsegments=\count365
\nofMParguments=\count366
\everyMPshowfont=\toks53
\MPscratchCnt=\count367
\MPscratchDim=\dimen345
\MPnumerator=\count368
\makeMPintoPDFobject=\count369
\everyMPtoPDFconversion=\toks54
) (/usr/local/texlive/2023/texmf-dist/tex/latex/epstopdf-pkg/epstopdf-base.sty
Package: epstopdf-base 2020-01-24 v2.11 Base part for package epstopdf
Package epstopdf-base Info: Redefining graphics rule for `.eps' on input line 485.
 (/usr/local/texlive/2023/texmf-dist/tex/latex/latexconfig/epstopdf-sys.cfg
File: epstopdf-sys.cfg 2010/07/13 v1.3 Configuration of (r)epstopdf for TeX Live
))
*geometry* driver: auto-detecting
*geometry* detected driver: pdftex
*geometry* verbose mode - [ preamble ] result:
* driver: pdftex
* paper: <default>
* layout: <same size as paper>
* layoutoffset:(h,v)=(0.0pt,0.0pt)
* hratio: 1:1
* modes: twoside 
* h-part:(L,W,R)=(56.9055pt, 500.484pt, 56.9055pt)
* v-part:(T,H,B)=(71.13188pt, 652.70622pt, 71.13188pt)
* \paperwidth=614.295pt
* \paperheight=794.96999pt
* \textwidth=500.484pt
* \textheight=652.70622pt
* \oddsidemargin=-15.36449pt
* \evensidemargin=-15.36449pt
* \topmargin=-38.1381pt
* \headheight=12.0pt
* \headsep=25.0pt
* \topskip=10.0pt
* \footskip=30.0pt
* \marginparwidth=48.0pt
* \marginparsep=10.0pt
* \columnsep=20.0pt
* \skip\footins=9.0pt plus 4.0pt minus 2.0pt
* \hoffset=0.0pt
* \voffset=0.0pt
* \mag=1000
* \@twocolumntrue
* \@twosidetrue
* \@mparswitchtrue
* \@reversemarginfalse
* (1in=72.27pt=25.4mm, 1cm=28.453pt)

Package caption Info: Begin \AtBeginDocument code.
Package caption Info: hyperref package is loaded.
Package caption Info: listings package is loaded.
Package caption Info: threeparttable package is loaded.
Package caption Info: End \AtBeginDocument code.
\c@lstlisting=\count370
Package hyperref Info: Link coloring ON on input line 131.
\@outlinefile=\write4
\openout4 = `Last_First_46050.out'.


Package pgfplots Warning: running in backwards compatibility mode (unsuitable tick labels; missing features). Consider writing \pgfplotsset{compat=1.18} into your preamble.
 on input line 131.

LaTeX Font Info:    Trying to load font information for OT1+pplx on input line 135.
(/usr/local/texlive/2023/texmf-dist/tex/latex/psnfss/ot1pplx.fd
File: ot1pplx.fd 2004/09/06 font definitions for OT1/pplx.
)
LaTeX Font Info:    Trying to load font information for OML+zplm on input line 135.
 (/usr/local/texlive/2023/texmf-dist/tex/latex/psnfss/omlzplm.fd
File: omlzplm.fd 2002/09/08 Fontinst v1.914 font definitions for OML/zplm.
)
LaTeX Font Info:    Trying to load font information for OMS+zplm on input line 135.
 (/usr/local/texlive/2023/texmf-dist/tex/latex/psnfss/omszplm.fd
File: omszplm.fd 2002/09/08 Fontinst v1.914 font definitions for OMS/zplm.
)
LaTeX Font Info:    Trying to load font information for OMX+zplm on input line 135.
 (/usr/local/texlive/2023/texmf-dist/tex/latex/psnfss/omxzplm.fd
File: omxzplm.fd 2002/09/08 Fontinst v1.914 font definitions for OMX/zplm.
)
LaTeX Font Info:    Trying to load font information for OT1+zplm on input line 135.
 (/usr/local/texlive/2023/texmf-dist/tex/latex/psnfss/ot1zplm.fd
File: ot1zplm.fd 2002/09/08 Fontinst v1.914 font definitions for OT1/zplm.
)
Package microtype Info: Loading generic protrusion settings for font family
(microtype)             `zplm' (encoding: OT1).
(microtype)             For optimal results, create family-specific settings.
(microtype)             See the microtype manual for details.
LaTeX Font Info:    Font shape `U/msa/m/n' will be
(Font)              scaled to size 12.50409pt on input line 135.
 (/usr/local/texlive/2023/texmf-dist/tex/latex/microtype/mt-msa.cfg
File: mt-msa.cfg 2006/02/04 v1.1 microtype config. file: AMS symbols (a) (RS)
)
LaTeX Font Info:    Font shape `U/msa/m/n' will be
(Font)              scaled to size 9.37807pt on input line 135.
LaTeX Font Info:    Font shape `U/msa/m/n' will be
(Font)              scaled to size 7.29405pt on input line 135.
LaTeX Font Info:    Font shape `U/msb/m/n' will be
(Font)              scaled to size 12.50409pt on input line 135.
 (/usr/local/texlive/2023/texmf-dist/tex/latex/microtype/mt-msb.cfg
File: mt-msb.cfg 2005/06/01 v1.0 microtype config. file: AMS symbols (b) (RS)
)
LaTeX Font Info:    Font shape `U/msb/m/n' will be
(Font)              scaled to size 9.37807pt on input line 135.
LaTeX Font Info:    Font shape `U/msb/m/n' will be
(Font)              scaled to size 7.29405pt on input line 135.
Package microtype Info: Character `029' is missing
(microtype)             in font `T1/pplx/m/sc/12'.
(microtype)             Ignoring protrusion settings for this character.
Package microtype Info: Character `029' is missing
(microtype)             in font `T1/pplx/m/sc/10'.
(microtype)             Ignoring protrusion settings for this character.
Package lettrine.sty Info: Targeted height = 30.07506pt
(lettrine.sty)             (for loversize=0, accent excluded),
(lettrine.sty)             Lettrine height = 30.07518pt (T);
(lettrine.sty)             reported on input line 142.


LaTeX Font Warning: Font shape `T1/pplx/b/sc' undefined
(Font)              using `T1/pplx/b/n' instead on input line 145.


LaTeX Warning: Reference `Apdx:FEM_1D' on page 1 undefined on input line 148.


LaTeX Warning: Reference `Apdx:shape_1D' on page 1 undefined on input line 148.


LaTeX Warning: Reference `Apdx:Gaussian-1D' on page 1 undefined on input line 148.

<Q1/logmeshsize.png, id=8, 722.7pt x 505.89pt>
File: Q1/logmeshsize.png Graphic file (type png)
<use Q1/logmeshsize.png>
Package pdftex.def Info: Q1/logmeshsize.png  used on input line 153.
(pdftex.def)             Requested size: 160.15854pt x 112.10666pt.
<Q1/logDOF.png, id=10, 722.7pt x 505.89pt>
File: Q1/logDOF.png Graphic file (type png)
<use Q1/logDOF.png>
Package pdftex.def Info: Q1/logDOF.png  used on input line 159.
(pdftex.def)             Requested size: 160.15854pt x 112.10666pt.

LaTeX Warning: Reference `eq:rate' on page 1 undefined on input line 169.

LaTeX Font Info:    Font shape `U/msa/m/n' will be
(Font)              scaled to size 10.42007pt on input line 169.
LaTeX Font Info:    Font shape `U/msa/m/n' will be
(Font)              scaled to size 7.91925pt on input line 169.
LaTeX Font Info:    Font shape `U/msa/m/n' will be
(Font)              scaled to size 6.25204pt on input line 169.
LaTeX Font Info:    Font shape `U/msb/m/n' will be
(Font)              scaled to size 10.42007pt on input line 169.
LaTeX Font Info:    Font shape `U/msb/m/n' will be
(Font)              scaled to size 7.91925pt on input line 169.
LaTeX Font Info:    Font shape `U/msb/m/n' will be
(Font)              scaled to size 6.25204pt on input line 169.

LaTeX Warning: Reference `fig:h_p_error' on page 1 undefined on input line 177.

LaTeX Font Info:    Trying to load font information for TS1+pplx on input line 181.
(/usr/local/texlive/2023/texmf-dist/tex/latex/psnfss/ts1pplx.fd
File: ts1pplx.fd 2004/09/06 font definitions for TS1/pplx.
)
<Q1/h_p_error.png, id=11, 722.7pt x 505.89pt>
File: Q1/h_p_error.png Graphic file (type png)
<use Q1/h_p_error.png>
Package pdftex.def Info: Q1/h_p_error.png  used on input line 189.
(pdftex.def)             Requested size: 240.24199pt x 168.17157pt.
 [1{/usr/local/texlive/2023/texmf-var/fonts/map/pdftex/updmap/pdftex.map}{/usr/local/texlive/2023/texmf-dist/fonts/enc/dvips/base/8r.enc}


 <./Q1/logmeshsize.png> <./Q1/logDOF.png>]

LaTeX Warning: Reference `eq:U_h' on page 2 undefined on input line 248.


LaTeX Warning: `h' float specifier changed to `ht'.


LaTeX Warning: Reference `tab:fem_values' on page 2 undefined on input line 301.

[2 <./Q1/h_p_error.png>]

LaTeX Warning: Reference `Apdx:post' on page 3 undefined on input line 307.


LaTeX Warning: Reference `fig:q_4' on page 3 undefined on input line 310.


LaTeX Warning: Reference `fig:h_error_4' on page 3 undefined on input line 310.

<Q1/Q1_4.png, id=51, 722.7pt x 505.89pt>
File: Q1/Q1_4.png Graphic file (type png)
<use Q1/Q1_4.png>
Package pdftex.def Info: Q1/Q1_4.png  used on input line 314.
(pdftex.def)             Requested size: 240.24199pt x 168.17157pt.
LaTeX Font Info:    Font shape `U/msa/m/n' will be
(Font)              scaled to size 5.21004pt on input line 315.
LaTeX Font Info:    Font shape `U/msb/m/n' will be
(Font)              scaled to size 5.21004pt on input line 315.
<Q1/logDOF_q_4.png, id=52, 722.7pt x 505.89pt>
File: Q1/logDOF_q_4.png Graphic file (type png)
<use Q1/logDOF_q_4.png>
Package pdftex.def Info: Q1/logDOF_q_4.png  used on input line 321.
(pdftex.def)             Requested size: 240.24199pt x 168.17157pt.

LaTeX Warning: Reference `fig:h_p_error_5' on page 3 undefined on input line 329.

<Q1/Q1_5.png, id=53, 722.7pt x 505.89pt>
File: Q1/Q1_5.png Graphic file (type png)
<use Q1/Q1_5.png>
Package pdftex.def Info: Q1/Q1_5.png  used on input line 333.
(pdftex.def)             Requested size: 240.24199pt x 168.17157pt.
<Q1/h_p_error_5.png, id=54, 722.7pt x 505.89pt>
File: Q1/h_p_error_5.png Graphic file (type png)
<use Q1/h_p_error_5.png>
Package pdftex.def Info: Q1/h_p_error_5.png  used on input line 340.
(pdftex.def)             Requested size: 240.24199pt x 168.17157pt.

LaTeX Warning: Reference `fig:contK' on page 3 undefined on input line 349.

[3 <./Q1/Q1_4.png> <./Q1/logDOF_q_4.png>]
<Q1/cont_K.png, id=67, 722.7pt x 505.89pt>
File: Q1/cont_K.png Graphic file (type png)
<use Q1/cont_K.png>
Package pdftex.def Info: Q1/cont_K.png  used on input line 364.
(pdftex.def)             Requested size: 240.24199pt x 168.17157pt.

Underfull \vbox (badness 1715) has occurred while \output is active []

 [4 <./Q1/Q1_5.png> <./Q1/h_p_error_5.png> <./Q1/cont_K.png>]

LaTeX Warning: Reference `fig:disp' on page 5 undefined on input line 394.

<Q2_1/Q1_1_2_quad.png, id=80, 462.528pt x 346.896pt>
File: Q2_1/Q1_1_2_quad.png Graphic file (type png)
<use Q2_1/Q1_1_2_quad.png>
Package pdftex.def Info: Q2_1/Q1_1_2_quad.png  used on input line 399.
(pdftex.def)             Requested size: 160.15854pt x 120.11858pt.
<Q2_1/Q1_0.5_2_quad.png, id=81, 462.528pt x 346.896pt>
File: Q2_1/Q1_0.5_2_quad.png Graphic file (type png)
<use Q2_1/Q1_0.5_2_quad.png>
Package pdftex.def Info: Q2_1/Q1_0.5_2_quad.png  used on input line 406.
(pdftex.def)             Requested size: 160.15854pt x 120.11858pt.
<Q2_1/Q1_0.05_2_quad.png, id=82, 462.528pt x 346.896pt>
File: Q2_1/Q1_0.05_2_quad.png Graphic file (type png)
<use Q2_1/Q1_0.05_2_quad.png>
Package pdftex.def Info: Q2_1/Q1_0.05_2_quad.png  used on input line 413.
(pdftex.def)             Requested size: 160.15854pt x 120.11858pt.
[5 <./Q2_1/Q1_1_2_quad.png> <./Q2_1/Q1_0.5_2_quad.png> <./Q2_1/Q1_0.05_2_quad.png>]
<Q2_4/log_DOFs.png, id=99, 722.7pt x 1084.05pt>
File: Q2_4/log_DOFs.png Graphic file (type png)
<use Q2_4/log_DOFs.png>
Package pdftex.def Info: Q2_4/log_DOFs.png  used on input line 468.
(pdftex.def)             Requested size: 240.24199pt x 360.36766pt.
<Q2_5/Q5_1_x_triangle.png, id=100, 433.62pt x 505.89pt>
File: Q2_5/Q5_1_x_triangle.png Graphic file (type png)
<use Q2_5/Q5_1_x_triangle.png>
Package pdftex.def Info: Q2_5/Q5_1_x_triangle.png  used on input line 476.
(pdftex.def)             Requested size: 130.12308pt x 151.80676pt.
LaTeX Font Info:    Font shape `U/msa/m/n' will be
(Font)              scaled to size 8.33606pt on input line 477.
LaTeX Font Info:    Font shape `U/msb/m/n' will be
(Font)              scaled to size 8.33606pt on input line 477.
<Q2_5/Q5_1_y_triangle.png, id=101, 433.62pt x 505.89pt>
File: Q2_5/Q5_1_y_triangle.png Graphic file (type png)
<use Q2_5/Q5_1_y_triangle.png>
Package pdftex.def Info: Q2_5/Q5_1_y_triangle.png  used on input line 481.
(pdftex.def)             Requested size: 130.12308pt x 151.80676pt.
<Q2_5/Q5_1_xy_triangle.png, id=102, 433.62pt x 505.89pt>
File: Q2_5/Q5_1_xy_triangle.png Graphic file (type png)
<use Q2_5/Q5_1_xy_triangle.png>
Package pdftex.def Info: Q2_5/Q5_1_xy_triangle.png  used on input line 487.
(pdftex.def)             Requested size: 130.12308pt x 151.80676pt.
<Q2_5/Q5_1_von_triangle.png, id=103, 433.62pt x 505.89pt>
File: Q2_5/Q5_1_von_triangle.png Graphic file (type png)
<use Q2_5/Q5_1_von_triangle.png>
Package pdftex.def Info: Q2_5/Q5_1_von_triangle.png  used on input line 492.
(pdftex.def)             Requested size: 130.12308pt x 151.80676pt.

Overfull \hbox (20.00417pt too wide) in paragraph at lines 475--496
[]$[]$$[]$
 []


Overfull \hbox (20.00417pt too wide) in paragraph at lines 475--496
[]$$[]$ 
 []

<Q2_5/Q5_1_x_quad.png, id=104, 433.62pt x 505.89pt>
File: Q2_5/Q5_1_x_quad.png Graphic file (type png)
<use Q2_5/Q5_1_x_quad.png>
Package pdftex.def Info: Q2_5/Q5_1_x_quad.png  used on input line 502.
(pdftex.def)             Requested size: 130.12308pt x 151.80676pt.
<Q2_5/Q5_1_y_quad.png, id=105, 433.62pt x 505.89pt>
File: Q2_5/Q5_1_y_quad.png Graphic file (type png)
<use Q2_5/Q5_1_y_quad.png>
Package pdftex.def Info: Q2_5/Q5_1_y_quad.png  used on input line 507.
(pdftex.def)             Requested size: 130.12308pt x 151.80676pt.
<Q2_5/Q5_1_xy_quad.png, id=106, 433.62pt x 505.89pt>
File: Q2_5/Q5_1_xy_quad.png Graphic file (type png)
<use Q2_5/Q5_1_xy_quad.png>
Package pdftex.def Info: Q2_5/Q5_1_xy_quad.png  used on input line 513.
(pdftex.def)             Requested size: 130.12308pt x 151.80676pt.
<Q2_5/Q5_1_von_quad.png, id=107, 433.62pt x 505.89pt>
File: Q2_5/Q5_1_von_quad.png Graphic file (type png)
<use Q2_5/Q5_1_von_quad.png>
Package pdftex.def Info: Q2_5/Q5_1_von_quad.png  used on input line 518.
(pdftex.def)             Requested size: 130.12308pt x 151.80676pt.

Overfull \hbox (20.00417pt too wide) in paragraph at lines 501--522
[]$[]$$[]$
 []


Overfull \hbox (20.00417pt too wide) in paragraph at lines 501--522
[]$$[]$ 
 []

<Q2_5/Q5_0.5_x_triangle.png, id=108, 433.62pt x 505.89pt>
File: Q2_5/Q5_0.5_x_triangle.png Graphic file (type png)
<use Q2_5/Q5_0.5_x_triangle.png>
Package pdftex.def Info: Q2_5/Q5_0.5_x_triangle.png  used on input line 529.
(pdftex.def)             Requested size: 130.12308pt x 151.80676pt.
<Q2_5/Q5_0.5_y_triangle.png, id=109, 433.62pt x 505.89pt>
File: Q2_5/Q5_0.5_y_triangle.png Graphic file (type png)
<use Q2_5/Q5_0.5_y_triangle.png>
Package pdftex.def Info: Q2_5/Q5_0.5_y_triangle.png  used on input line 534.
(pdftex.def)             Requested size: 130.12308pt x 151.80676pt.
<Q2_5/Q5_0.5_xy_triangle.png, id=110, 433.62pt x 505.89pt>
File: Q2_5/Q5_0.5_xy_triangle.png Graphic file (type png)
<use Q2_5/Q5_0.5_xy_triangle.png>
Package pdftex.def Info: Q2_5/Q5_0.5_xy_triangle.png  used on input line 540.
(pdftex.def)             Requested size: 130.12308pt x 151.80676pt.
<Q2_5/Q5_0.5_von_triangle.png, id=111, 433.62pt x 505.89pt>
File: Q2_5/Q5_0.5_von_triangle.png Graphic file (type png)
<use Q2_5/Q5_0.5_von_triangle.png>
Package pdftex.def Info: Q2_5/Q5_0.5_von_triangle.png  used on input line 545.
(pdftex.def)             Requested size: 130.12308pt x 151.80676pt.

Overfull \hbox (20.00417pt too wide) in paragraph at lines 528--549
[]$[]$$[]$
 []


Overfull \hbox (20.00417pt too wide) in paragraph at lines 528--549
[]$$[]$ 
 []

<Q2_5/Q5_0.5_x_quad.png, id=112, 433.62pt x 505.89pt>
File: Q2_5/Q5_0.5_x_quad.png Graphic file (type png)
<use Q2_5/Q5_0.5_x_quad.png>
Package pdftex.def Info: Q2_5/Q5_0.5_x_quad.png  used on input line 555.
(pdftex.def)             Requested size: 130.12308pt x 151.80676pt.
<Q2_5/Q5_0.5_y_quad.png, id=113, 433.62pt x 505.89pt>
File: Q2_5/Q5_0.5_y_quad.png Graphic file (type png)
<use Q2_5/Q5_0.5_y_quad.png>
Package pdftex.def Info: Q2_5/Q5_0.5_y_quad.png  used on input line 560.
(pdftex.def)             Requested size: 130.12308pt x 151.80676pt.
<Q2_5/Q5_0.5_xy_quad.png, id=114, 433.62pt x 505.89pt>
File: Q2_5/Q5_0.5_xy_quad.png Graphic file (type png)
<use Q2_5/Q5_0.5_xy_quad.png>
Package pdftex.def Info: Q2_5/Q5_0.5_xy_quad.png  used on input line 566.
(pdftex.def)             Requested size: 130.12308pt x 151.80676pt.
<Q2_5/Q5_0.5_von_quad.png, id=115, 433.62pt x 505.89pt>
File: Q2_5/Q5_0.5_von_quad.png Graphic file (type png)
<use Q2_5/Q5_0.5_von_quad.png>
Package pdftex.def Info: Q2_5/Q5_0.5_von_quad.png  used on input line 571.
(pdftex.def)             Requested size: 130.12308pt x 151.80676pt.

Overfull \hbox (20.00417pt too wide) in paragraph at lines 554--575
[]$[]$$[]$
 []


Overfull \hbox (20.00417pt too wide) in paragraph at lines 554--575
[]$$[]$ 
 []

<Q2_5/Q5_0.05_x_triangle.png, id=116, 433.62pt x 505.89pt>
File: Q2_5/Q5_0.05_x_triangle.png Graphic file (type png)
<use Q2_5/Q5_0.05_x_triangle.png>
Package pdftex.def Info: Q2_5/Q5_0.05_x_triangle.png  used on input line 581.
(pdftex.def)             Requested size: 130.12308pt x 151.80676pt.
<Q2_5/Q5_0.05_y_triangle.png, id=117, 433.62pt x 505.89pt>
File: Q2_5/Q5_0.05_y_triangle.png Graphic file (type png)
<use Q2_5/Q5_0.05_y_triangle.png>
Package pdftex.def Info: Q2_5/Q5_0.05_y_triangle.png  used on input line 586.
(pdftex.def)             Requested size: 130.12308pt x 151.80676pt.
<Q2_5/Q5_0.05_xy_triangle.png, id=118, 433.62pt x 505.89pt>
File: Q2_5/Q5_0.05_xy_triangle.png Graphic file (type png)
<use Q2_5/Q5_0.05_xy_triangle.png>
Package pdftex.def Info: Q2_5/Q5_0.05_xy_triangle.png  used on input line 592.
(pdftex.def)             Requested size: 130.12308pt x 151.80676pt.
<Q2_5/Q5_0.05_von_triangle.png, id=119, 433.62pt x 505.89pt>
File: Q2_5/Q5_0.05_von_triangle.png Graphic file (type png)
<use Q2_5/Q5_0.05_von_triangle.png>
Package pdftex.def Info: Q2_5/Q5_0.05_von_triangle.png  used on input line 597.
(pdftex.def)             Requested size: 130.12308pt x 151.80676pt.

Overfull \hbox (20.00417pt too wide) in paragraph at lines 580--601
[]$[]$$[]$
 []


Overfull \hbox (20.00417pt too wide) in paragraph at lines 580--601
[]$$[]$ 
 []

<Q2_5/Q5_0.05_x_quad.png, id=120, 433.62pt x 505.89pt>
File: Q2_5/Q5_0.05_x_quad.png Graphic file (type png)
<use Q2_5/Q5_0.05_x_quad.png>
Package pdftex.def Info: Q2_5/Q5_0.05_x_quad.png  used on input line 607.
(pdftex.def)             Requested size: 130.12308pt x 151.80676pt.
<Q2_5/Q5_0.05_y_quad.png, id=121, 433.62pt x 505.89pt>
File: Q2_5/Q5_0.05_y_quad.png Graphic file (type png)
<use Q2_5/Q5_0.05_y_quad.png>
Package pdftex.def Info: Q2_5/Q5_0.05_y_quad.png  used on input line 612.
(pdftex.def)             Requested size: 130.12308pt x 151.80676pt.
<Q2_5/Q5_0.05_xy_quad.png, id=122, 433.62pt x 505.89pt>
File: Q2_5/Q5_0.05_xy_quad.png Graphic file (type png)
<use Q2_5/Q5_0.05_xy_quad.png>
Package pdftex.def Info: Q2_5/Q5_0.05_xy_quad.png  used on input line 618.
(pdftex.def)             Requested size: 130.12308pt x 151.80676pt.
<Q2_5/Q5_0.05_von_quad.png, id=123, 433.62pt x 505.89pt>
File: Q2_5/Q5_0.05_von_quad.png Graphic file (type png)
<use Q2_5/Q5_0.05_von_quad.png>
Package pdftex.def Info: Q2_5/Q5_0.05_von_quad.png  used on input line 623.
(pdftex.def)             Requested size: 130.12308pt x 151.80676pt.

Overfull \hbox (20.00417pt too wide) in paragraph at lines 606--627
[]$[]$$[]$
 []


Overfull \hbox (20.00417pt too wide) in paragraph at lines 606--627
[]$$[]$ 
 []

Package microtype Info: Character `029' is missing
(microtype)             in font `T1/pplx/m/sc/9'.
(microtype)             Ignoring protrusion settings for this character.
LaTeX Font Info:    Trying to load font information for T1+cmtt on input line 654.
(/usr/local/texlive/2023/texmf-dist/tex/latex/base/t1cmtt.fd
File: t1cmtt.fd 2022/07/10 v2.5l Standard LaTeX font definitions
)
Package microtype Info: Loading generic protrusion settings for font family
(microtype)             `cmtt' (encoding: T1).
(microtype)             For optimal results, create family-specific settings.
(microtype)             See the microtype manual for details.


LaTeX Warning: Citation `Figueredo:2009dg' on page 6 undefined on input line 654.

<example-image-b.pdf, id=125, 321.2pt x 240.9pt>
File: example-image-b.pdf Graphic file (type pdf)
<use example-image-b.pdf>
Package pdftex.def Info: example-image-b.pdf  used on input line 660.
(pdftex.def)             Requested size: 240.24199pt x 180.18565pt.

LaTeX Warning: Reference `fig:label_A' on page 6 undefined on input line 666.


LaTeX Warning: Reference `fig:label_B' on page 6 undefined on input line 666.

<example-image-a.pdf, id=126, 321.2pt x 240.9pt>
File: example-image-a.pdf Graphic file (type pdf)
<use example-image-a.pdf>
Package pdftex.def Info: example-image-a.pdf  used on input line 670.
(pdftex.def)             Requested size: 170.71652pt x 128.04028pt.

LaTeX Warning: Reference `fig:subfigures' on page 6 undefined on input line 675.


LaTeX Warning: Reference `fig:subfigure_a' on page 6 undefined on input line 675.


LaTeX Warning: Hyper reference `fig:subfigure_c' on page 6 undefined on input line 675.


LaTeX Warning: Reference `sub@fig:subfigure_c' on page 6 undefined on input line 675.

File: example-image-a.pdf Graphic file (type pdf)
<use example-image-a.pdf>
Package pdftex.def Info: example-image-a.pdf  used on input line 678.
(pdftex.def)             Requested size: 160.15854pt x 120.12254pt.
File: example-image-b.pdf Graphic file (type pdf)
<use example-image-b.pdf>
Package pdftex.def Info: example-image-b.pdf  used on input line 683.
(pdftex.def)             Req